<?xml version="1.0" encoding="UTF-8"?>
<testng-results skipped="0" failed="0" ignored="0" total="0" passed="0">
  <reporter-output>
  </reporter-output>
  <suite name="com.sample.basetest.BaseTest" duration-ms="14" started-at="2018-11-27T09:08:18Z" finished-at="2018-11-27T09:08:18Z">
    <groups>
    </groups>
    <test name="Command line test" duration-ms="14" started-at="2018-11-27T09:08:18Z" finished-at="2018-11-27T09:08:18Z">
    </test> <!-- Command line test -->
  </suite> <!-- com.sample.basetest.BaseTest -->
</testng-results>
